<?xml version="1.0" encoding="UTF-8"?>
<!-- Generated by org.testng.reporters.JUnitReportReporter -->
<testsuite hostname="OmNamahShivay" failures="0" tests="1" name="script.AddToCartScriptTest" time="12.750" errors="0" timestamp="2024-03-19T20:29:22 IST" skipped="0">
  <testcase classname="script.AddToCartScriptTest" name="Cart" time="12.750"/>
</testsuite> <!-- script.AddToCartScriptTest -->
