<?xml version="1.0" encoding="UTF-8"?>
<!-- Generated by org.testng.reporters.JUnitReportReporter -->
<testsuite hostname="OmNamahShivay" failures="0" tests="1" name="script.LoginScriptTest" time="12.331" errors="0" timestamp="2024-03-25T14:54:57 IST" skipped="0">
  <testcase classname="script.LoginScriptTest" name="login" time="12.331"/>
</testsuite> <!-- script.LoginScriptTest -->
