<?xml version="1.0" encoding="UTF-8"?>
<!-- Generated by org.testng.reporters.JUnitReportReporter -->
<testsuite hostname="OmNamahShivay" failures="0" tests="1" name="script.WishScriptTest" time="15.580" errors="0" timestamp="2024-03-25T15:19:20 IST" skipped="0">
  <testcase classname="script.WishScriptTest" name="wishList" time="15.580"/>
</testsuite> <!-- script.WishScriptTest -->
