<?xml version="1.0" encoding="UTF-8"?>
<!-- Generated by org.testng.reporters.JUnitReportReporter -->
<testsuite hostname="OmNamahShivay" failures="0" tests="1" name="script.PopularTagsScriptTest" time="13.459" errors="0" timestamp="2024-04-15T13:51:57 IST" skipped="0">
  <testcase classname="script.PopularTagsScriptTest" name="Tags" time="13.459"/>
</testsuite> <!-- script.PopularTagsScriptTest -->
