<?xml version="1.0" encoding="UTF-8"?>
<!-- Generated by org.testng.reporters.JUnitReportReporter -->
<testsuite hostname="OmNamahShivay" failures="0" tests="1" name="script.OtherHomeScreenOptionsScriptTest" time="15.072" errors="0" timestamp="2024-04-15T14:08:24 IST" skipped="0">
  <testcase classname="script.OtherHomeScreenOptionsScriptTest" name="options" time="15.072"/>
</testsuite> <!-- script.OtherHomeScreenOptionsScriptTest -->
