<?xml version="1.0" encoding="UTF-8"?>
<!-- Generated by org.testng.reporters.JUnitReportReporter -->
<testsuite hostname="OmNamahShivay" failures="0" tests="1" name="script.HomePageSciptTest" time="16.848" errors="0" timestamp="2024-04-12T23:20:43 IST" skipped="0">
  <testcase classname="script.HomePageSciptTest" name="VerifyHome" time="16.848"/>
</testsuite> <!-- script.HomePageSciptTest -->
