<?xml version="1.0" encoding="UTF-8"?>
<!-- Generated by org.testng.reporters.JUnitReportReporter -->
<testsuite hostname="OmNamahShivay" failures="0" tests="1" name="script.BuyItemScriptTest" time="24.061" errors="0" timestamp="2024-03-21T17:45:16 IST" skipped="0">
  <testcase classname="script.BuyItemScriptTest" name="Buy" time="24.061"/>
</testsuite> <!-- script.BuyItemScriptTest -->
