<?xml version="1.0" encoding="UTF-8"?>
<!-- Generated by org.testng.reporters.JUnitReportReporter -->
<testsuite hostname="OmNamahShivay" failures="0" tests="1" name="script.HomePageScipt" time="19.355" errors="0" timestamp="2024-03-14T18:32:40 IST" skipped="0">
  <testcase classname="script.HomePageScipt" name="VerifyHome" time="19.355"/>
</testsuite> <!-- script.HomePageScipt -->
