<?xml version="1.0" encoding="UTF-8"?>
<!-- Generated by org.testng.reporters.JUnitReportReporter -->
<testsuite hostname="OmNamahShivay" failures="0" tests="2" name="main.Launch" time="9.408" errors="0" timestamp="2024-03-06T19:55:58 IST" skipped="0">
  <testcase classname="main.Launch" name="TearDown" time="1.386"/>
  <testcase classname="main.Launch" name="LaunchAUT" time="8.022"/>
</testsuite> <!-- main.Launch -->
