<?xml version="1.0" encoding="UTF-8"?>
<!-- Generated by org.testng.reporters.JUnitReportReporter -->
<testsuite hostname="OmNamahShivay" failures="0" tests="1" name="script.RegisterScriptTest" time="16.761" errors="0" timestamp="2024-04-16T22:39:49 IST" skipped="0">
  <testcase classname="script.RegisterScriptTest" name="RegistrationScript" time="16.761"/>
</testsuite> <!-- script.RegisterScriptTest -->
